#
# There is insufficient memory for the Java Runtime Environment to continue.
# Native memory allocation (mmap) failed to map 67108864 bytes for G1 virtual space
# Possible reasons:
#   The system is out of physical RAM or swap space
#   The process is running with CompressedOops enabled, and the Java Heap may be blocking the growth of the native heap
# Possible solutions:
#   Reduce memory load on the system
#   Increase physical memory or swap space
#   Check if swap backing store is full
#   Decrease Java heap size (-Xmx/-Xms)
#   Decrease number of Java threads
#   Decrease Java thread stack sizes (-Xss)
#   Set larger code cache with -XX:ReservedCodeCacheSize=
#   JVM is running with Unscaled Compressed Oops mode in which the Java heap is
#     placed in the first 4GB address space. The Java Heap base address is the
#     maximum limit for the native heap growth. Please use -XX:HeapBaseMinAddress
#     to set the Java Heap base and to place the Java Heap above 4GB virtual address.
# This output file may be truncated or incomplete.
#
#  Out of Memory Error (./open/src/hotspot/os/windows/os_windows.cpp:3472), pid=21048, tid=11080
#
# JRE version:  (15.0.1+9) (build )
# Java VM: Java HotSpot(TM) 64-Bit Server VM (15.0.1+9-18, mixed mode, sharing, tiered, compressed oops, g1 gc, windows-amd64)
# No core dump will be written. Minidumps are not enabled by default on client versions of Windows
#

---------------  S U M M A R Y ------------

Command Line: -Dfile.encoding=UTF-8 -XX:+ShowCodeDetailsInExceptionMessages createdbyNguyenManhCuong.ui.NextUI

Host: Intel(R) Core(TM) i5-8265U CPU @ 1.60GHz, 8 cores, 3G,  Windows 10 , 64 bit Build 18362 (10.0.18362.1110)
Time: Sun Dec  6 12:09:55 2020 SE Asia Standard Time elapsed time: 0.016135 seconds (0d 0h 0m 0s)

---------------  T H R E A D  ---------------

Current thread (0x000001f5557d30b0):  JavaThread "Unknown thread" [_thread_in_vm, id=11080, stack(0x000000ad37500000,0x000000ad37600000)]

Stack: [0x000000ad37500000,0x000000ad37600000]
Native frames: (J=compiled Java code, j=interpreted, Vv=VM code, C=native code)
V  [jvm.dll+0x62ae9a]
V  [jvm.dll+0x781389]
V  [jvm.dll+0x782ae3]
V  [jvm.dll+0x783143]
V  [jvm.dll+0x216265]
V  [jvm.dll+0x6281d9]
V  [jvm.dll+0x61cd15]
V  [jvm.dll+0x2d01fd]
V  [jvm.dll+0x2d0062]
V  [jvm.dll+0x2d603c]
V  [jvm.dll+0x325b2a]
V  [jvm.dll+0x3251f4]
V  [jvm.dll+0x2a717a]
V  [jvm.dll+0x2a8318]
V  [jvm.dll+0x75e101]
V  [jvm.dll+0x3343e4]
V  [jvm.dll+0x73e826]
V  [jvm.dll+0x3b7777]
V  [jvm.dll+0x3b9201]
C  [jli.dll+0x52fb]
C  [ucrtbase.dll+0x210b2]
C  [KERNEL32.DLL+0x17c24]
C  [ntdll.dll+0x6d4d1]


---------------  P R O C E S S  ---------------

Threads class SMR info:
_java_thread_list=0x00007ffadef34ff0, length=0, elements={
}

Java Threads: ( => current thread )

Other Threads:
  0x000001f555802ca0 GCTaskThread "GC Thread#0" [stack: 0x000000ad37600000,0x000000ad37700000] [id=22244]
  0x000001f55580e240 ConcurrentGCThread "G1 Main Marker" [stack: 0x000000ad37700000,0x000000ad37800000] [id=15640]
  0x000001f55580ed40 ConcurrentGCThread "G1 Conc#0" [stack: 0x000000ad37800000,0x000000ad37900000] [id=6508]

[error occurred during error reporting (printing all threads), id 0xc0000005, EXCEPTION_ACCESS_VIOLATION (0xc0000005) at pc=0x00007ffade728047]

VM state: not at safepoint (not fully initialized)

VM Mutex/Monitor currently owned by a thread:  ([mutex/lock_event])
[0x000001f5557ceb60] Heap_lock - owner thread: 0x000001f5557d30b0

Heap address: 0x00000000c1c00000, size: 996 MB, Compressed Oops mode: 32-bit
CDS archive(s) mapped at: [0x0000000000000000-0x0000000000000000-0x0000000000000000), size 0, SharedBaseAddress: 0x0000000800000000, ArchiveRelocationMode: 0.
Narrow klass base: 0x0000000000000000, Narrow klass shift: 0, Narrow klass range: 0x0

Heap:
 garbage-first heap   total 65536K, used 0K [0x00000000c1c00000, 0x0000000100000000)
  region size 1024K, 0 young (0K), 0 survivors (0K)
 Metaspace       used 0K, capacity 0K, committed 0K, reserved 0K
  class space    used 0K, capacity 0K, committed 0K, reserved 0K

Heap Regions: E=young(eden), S=young(survivor), O=old, HS=humongous(starts), HC=humongous(continues), CS=collection set, F=free, OA=open archive, CA=closed archive, TAMS=top-at-mark-start (previous, next)

Card table byte_map: [0x000001f56ee70000,0x000001f56f070000] _byte_map_base: 0x000001f56e862000

Marking Bits (Prev, Next): (CMBitMap*) 0x000001f555804430, (CMBitMap*) 0x000001f555804470
 Prev Bits: [0x000001f56f270000, 0x000001f570200000)
 Next Bits: [0x000001f570200000, 0x000001f571190000)

GC Heap History (0 events):
No events

Deoptimization events (0 events):
No events

Classes unloaded (0 events):
No events

Classes redefined (0 events):
No events

Internal exceptions (0 events):
No events

Events (1 events):
Event: 0.008 Loaded shared library C:\Program Files\Java\jdk-15.0.1\bin\java.dll


Dynamic libraries:
0x00007ff6e9470000 - 0x00007ff6e947f000 	C:\Program Files\Java\jdk-15.0.1\bin\javaw.exe
0x00007ffb386e0000 - 0x00007ffb388d0000 	C:\Windows\SYSTEM32\ntdll.dll
0x00007ffb385e0000 - 0x00007ffb38692000 	C:\Windows\System32\KERNEL32.DLL
0x00007ffb35ba0000 - 0x00007ffb35e45000 	C:\Windows\System32\KERNELBASE.dll
0x00007ffb35f00000 - 0x00007ffb35ffa000 	C:\Windows\System32\ucrtbase.dll
0x00007ffb2ea20000 - 0x00007ffb2ea38000 	C:\Program Files\Java\jdk-15.0.1\bin\jli.dll
0x00007ffb22e00000 - 0x00007ffb22e19000 	C:\Program Files\Java\jdk-15.0.1\bin\VCRUNTIME140.dll
0x00007ffb36dd0000 - 0x00007ffb36e73000 	C:\Windows\System32\ADVAPI32.dll
0x00007ffb36b50000 - 0x00007ffb36bee000 	C:\Windows\System32\msvcrt.dll
0x00007ffb36d30000 - 0x00007ffb36dc7000 	C:\Windows\System32\sechost.dll
0x00007ffb38120000 - 0x00007ffb38240000 	C:\Windows\System32\RPCRT4.dll
0x00007ffb36940000 - 0x00007ffb36ad4000 	C:\Windows\System32\USER32.dll
0x00007ffb358e0000 - 0x00007ffb35901000 	C:\Windows\System32\win32u.dll
0x00007ffb1d850000 - 0x00007ffb1dad4000 	C:\Windows\WinSxS\amd64_microsoft.windows.common-controls_6595b64144ccf1df_6.0.18362.1198_none_9e820b57e45ad92f\COMCTL32.dll
0x00007ffb37290000 - 0x00007ffb372b6000 	C:\Windows\System32\GDI32.dll
0x00007ffb359e0000 - 0x00007ffb35b76000 	C:\Windows\System32\gdi32full.dll
0x00007ffb36e80000 - 0x00007ffb371b5000 	C:\Windows\System32\combase.dll
0x00007ffb35840000 - 0x00007ffb358de000 	C:\Windows\System32\msvcp_win.dll
0x00007ffb35910000 - 0x00007ffb35990000 	C:\Windows\System32\bcryptPrimitives.dll
0x00007ffb2e4f0000 - 0x00007ffb2e4fa000 	C:\Windows\SYSTEM32\VERSION.dll
0x00007ffb372c0000 - 0x00007ffb372ee000 	C:\Windows\System32\IMM32.DLL
0x00007ffb317f0000 - 0x00007ffb317fc000 	C:\Program Files\Java\jdk-15.0.1\bin\vcruntime140_1.dll
0x00007ffaf60a0000 - 0x00007ffaf6131000 	C:\Program Files\Java\jdk-15.0.1\bin\msvcp140.dll
0x00007ffade470000 - 0x00007ffadefce000 	C:\Program Files\Java\jdk-15.0.1\bin\server\jvm.dll
0x00007ffb36d20000 - 0x00007ffb36d28000 	C:\Windows\System32\PSAPI.DLL
0x00007ffb303a0000 - 0x00007ffb303a9000 	C:\Windows\SYSTEM32\WSOCK32.dll
0x00007ffb332d0000 - 0x00007ffb332f4000 	C:\Windows\SYSTEM32\WINMM.dll
0x00007ffb36ae0000 - 0x00007ffb36b4f000 	C:\Windows\System32\WS2_32.dll
0x00007ffb332a0000 - 0x00007ffb332cd000 	C:\Windows\SYSTEM32\winmmbase.dll
0x00007ffb35990000 - 0x00007ffb359da000 	C:\Windows\System32\cfgmgr32.dll
0x00007ffb35640000 - 0x00007ffb35651000 	C:\Windows\System32\kernel.appcore.dll
0x00007ffb1c080000 - 0x00007ffb1c08a000 	C:\Program Files\Java\jdk-15.0.1\bin\jimage.dll
0x00007ffb33ce0000 - 0x00007ffb33ed4000 	C:\Windows\SYSTEM32\DBGHELP.DLL
0x00007ffb16950000 - 0x00007ffb1697a000 	C:\Windows\SYSTEM32\dbgcore.DLL
0x00007ffb17840000 - 0x00007ffb17865000 	C:\Program Files\Java\jdk-15.0.1\bin\java.dll

dbghelp: loaded successfully - version: 4.0.5 - missing functions: none
symbol engine: initialized successfully - sym options: 0x614 - pdb path: .;C:\Program Files\Java\jdk-15.0.1\bin;C:\Windows\SYSTEM32;C:\Windows\WinSxS\amd64_microsoft.windows.common-controls_6595b64144ccf1df_6.0.18362.1198_none_9e820b57e45ad92f;C:\Program Files\Java\jdk-15.0.1\bin\server

VM Arguments:
jvm_args: -Dfile.encoding=UTF-8 -XX:+ShowCodeDetailsInExceptionMessages 
java_command: createdbyNguyenManhCuong.ui.NextUI
java_class_path (initial): E:\CODE\Code in Eclipse\MyProjectSQLSERVER\bin;E:\CODE\Code in Eclipse\MyProjectSQLSERVER\libs\mssql-jdbc-8.2.2.jre13.jar
Launcher Type: SUN_STANDARD

[Global flags]
     intx CICompilerCount                          = 4                                         {product} {ergonomic}
     uint ConcGCThreads                            = 2                                         {product} {ergonomic}
     uint G1ConcRefinementThreads                  = 8                                         {product} {ergonomic}
   size_t G1HeapRegionSize                         = 1048576                                   {product} {ergonomic}
    uintx GCDrainStackTargetSize                   = 64                                        {product} {ergonomic}
   size_t InitialHeapSize                          = 67108864                                  {product} {ergonomic}
   size_t MarkStackSize                            = 4194304                                   {product} {ergonomic}
   size_t MaxHeapSize                              = 1044381696                                {product} {ergonomic}
   size_t MinHeapDeltaBytes                        = 1048576                                   {product} {ergonomic}
   size_t MinHeapSize                              = 8388608                                   {product} {ergonomic}
    uintx NonNMethodCodeHeapSize                   = 5839372                                {pd product} {ergonomic}
    uintx NonProfiledCodeHeapSize                  = 122909434                              {pd product} {ergonomic}
    uintx ProfiledCodeHeapSize                     = 122909434                              {pd product} {ergonomic}
    uintx ReservedCodeCacheSize                    = 251658240                              {pd product} {ergonomic}
     bool SegmentedCodeCache                       = true                                      {product} {ergonomic}
     bool ShowCodeDetailsInExceptionMessages       = true                                   {manageable} {command line}
   size_t SoftMaxHeapSize                          = 1044381696                             {manageable} {ergonomic}
     bool UseCompressedClassPointers               = true                                 {lp64_product} {ergonomic}
     bool UseCompressedOops                        = true                                 {lp64_product} {ergonomic}
     bool UseG1GC                                  = true                                      {product} {ergonomic}
     bool UseLargePagesIndividualAllocation        = false                                  {pd product} {ergonomic}

Logging:
Log output configuration:
 #0: stdout all=warning uptime,level,tags
 #1: stderr all=off uptime,level,tags

Environment Variables:
JAVA_HOME=C:\Program Files\Java\jdk-15.0.1
PATH=C:\Program Files\Common Files\Microsoft Shared\Microsoft Online Services;C:\Program Files (x86)\Common Files\Microsoft Shared\Microsoft Online Services;C:\Program Files\Common Files\Oracle\Java\javapath;C:\Windows\system32;C:\Windows;C:\Windows\System32\Wbem;C:\Windows\System32\WindowsPowerShell\v1.0\;C:\Windows\System32\OpenSSH\;C:\Program Files\Java\jdk-15.0.1\bin;C:\Program Files\Azure Data Studio\bin;C:\Program Files\Microsoft SQL Server\Client SDK\ODBC\170\Tools\Binn\;C:\Program Files (x86)\Microsoft SQL Server\150\Tools\Binn\;C:\Program Files\Microsoft SQL Server\150\Tools\Binn\;C:\Program Files\Microsoft SQL Server\150\DTS\Binn\;C:\Program Files (x86)\Microsoft SQL Server\150\DTS\Binn\;C:\Program Files\Microsoft SQL Server\120\Tools\Binn\;C:\Program Files\Microsoft SQL Server\Client SDK\ODBC\130\Tools\Binn\;C:\Program Files\Java\jdk-15.0.1\bin;C:\Program Files\Azure Data Studio\bin
USERNAME=Nguyen Manh Cuong
OS=Windows_NT
PROCESSOR_IDENTIFIER=Intel64 Family 6 Model 142 Stepping 11, GenuineIntel



---------------  S Y S T E M  ---------------

OS:
 Windows 10 , 64 bit Build 18362 (10.0.18362.1110)
OS uptime: 1 days 3:33 hours

CPU: total 8 (initial active 8) (4 cores per cpu, 2 threads per core) family 6 model 142 stepping 11 microcode 0xae, cmov, cx8, fxsr, mmx, sse, sse2, sse3, ssse3, sse4.1, sse4.2, popcnt, vzeroupper, avx, avx2, aes, clmul, erms, 3dnowpref, lzcnt, ht, tsc, tscinvbit, bmi1, bmi2, adx, fma, clflush, clflushopt

Memory: 4k page, system-wide physical 3983M (399M free)
TotalPageFile size 16271M (AvailPageFile size 65M)
current process WorkingSet (physical memory assigned to process): 10M, peak: 10M
current process commit charge ("private bytes"): 60M, peak: 124M

vm_info: Java HotSpot(TM) 64-Bit Server VM (15.0.1+9-18) for windows-amd64 JRE (15.0.1+9-18), built on Sep 15 2020 14:43:54 by "mach5one" with unknown MS VC++:1925

END.
